<?xml version="1.0" encoding="UTF-8"?>
<!-- Generated by org.testng.reporters.JUnitReportReporter -->
<testsuite hostname="LIN51015391" failures="0" tests="1" name="mylearnings.tests.ErrorValidation" time="10.862" errors="0" timestamp="23 Mar 2024 08:56:34 GMT" skipped="0">
  <testcase classname="mylearnings.tests.ErrorValidation" name="ProductErrorValidation" time="10.862"/>
</testsuite> <!-- mylearnings.tests.ErrorValidation -->
