<?xml version="1.0" encoding="UTF-8"?>
<!-- Generated by org.testng.reporters.JUnitReportReporter -->
<testsuite hostname="LIN51015391" failures="0" tests="4" name="mylearnings.tests.EndToEndTest" time="38.357" errors="0" timestamp="26 Mar 2024 08:16:21 GMT" skipped="0">
  <testcase classname="mylearnings.tests.EndToEndTest" name="placeOrder" time="10.018"/>
  <testcase classname="mylearnings.tests.EndToEndTest" name="placeOrder" time="11.894"/>
  <testcase classname="mylearnings.tests.EndToEndTest" name="verifyOrderedProduct" time="7.271"/>
  <testcase classname="mylearnings.tests.EndToEndTest" name="verifyOrderedProduct" time="9.174"/>
</testsuite> <!-- mylearnings.tests.EndToEndTest -->
