<?xml version="1.0" encoding="UTF-8"?>
<!-- Generated by org.testng.reporters.JUnitReportReporter -->
<testsuite hostname="LIN51015391" failures="0" tests="2" name="mylearnings.tests.EndToEndTest" time="31.253" errors="0" timestamp="01 Apr 2024 16:47:59 GMT" skipped="0">
  <testcase classname="mylearnings.tests.EndToEndTest" name="placeOrder" time="15.872"/>
  <testcase classname="mylearnings.tests.EndToEndTest" name="placeOrder" time="15.381"/>
</testsuite> <!-- mylearnings.tests.EndToEndTest -->
